Kmer Analysis Toolkit (KAT) V2.4.2

Running KAT in COMP mode
------------------------

Input 1 is a sequence file.  Counting kmers for input 1 (/d/hd09/zhuohan/ectopic_rdna_proj/data/ref_no_rdna/hg38-rDNA_v1.0_no_rdna.fa) ... done.  Time taken: 294.6s

Input 2 is a sequence file.  Counting kmers for input 2 (/d/hd09/zhuohan/ectopic_rdna_proj/data/U13369.1.fasta) ... done.  Time taken: 0.2s

Comparing hashes ... done.  Time taken: 275.3s

Merging results ... done.  Time taken: 0.4s

Saving results to disk ... done.  Time taken: 0.2s


Summary statistics
------------------

K-mer statistics for: 
 - Hash 1: "/d/hd09/zhuohan/ectopic_rdna_proj/data/ref_no_rdna/hg38-rDNA_v1.0_no_rdna.fa"
 - Hash 2: "/d/hd09/zhuohan/ectopic_rdna_proj/data/U13369.1.fasta"

Total K-mers in: 
 - Hash 1: 3048491274
 - Hash 2: 42562

Distinct K-mers in:
 - Hash 1: 2668568202
 - Hash 2: 41139

Total K-mers only found in:
 - Hash 1: 3048012186
 - Hash 2: 41512

Distinct K-mers only found in:
 - Hash 1: 2668567252
 - Hash 2: 40189

Shared K-mers:
 - Total shared found in hash 1: 479088
 - Total shared found in hash 2: 1050
 - Distinct shared K-mers: 950

Distance between spectra 1 and 2 (all k-mers):
 - Manhattan distance: 2.66853e+09
 - Euclidean distance: 2.55723e+09
 - Cosine distance: 1.29251e-05
 - Canberra distance: 1000
 - Jaccard distance: 0.999985

Distance between spectra 1 and 2 (shared k-mers):
 - Manhattan distance: 1142
 - Euclidean distance: 590.344
 - Cosine distance: 0.099048
 - Canberra distance: 151.618
 - Jaccard distance: 0.750822

Creating plot(s) ... done.  Time taken: 2.2s

Analysing peaks for spectra copy number matrix
----------------------------------------------

Analysing distributions for: /d/hd09/zhuohan/ectopic_rdna_proj/results/hg38-rdna_v1.0_no_rdna/kat.k45-main.mx ... 
Analysing full spectra

Analysing spectra with copy number 0

Analysing spectra with copy number 1

Analysing spectra with copy number 2

Analysing spectra with copy number 3

Analysed spectra for all requested copy numbers.
done.  Time taken:  5.1s

Main spectra statistics
-----------------------
K-value used: 45
Peaks in analysis: 3
Global minima @ Frequency=30x (33831)
Global maxima @ Frequency=32x (40705)
Overall mean k-mer frequency: 60x

  Index    Left    Mean    Right    StdDev    Max    Volume  Description
-------  ------  ------  -------  --------  -----  --------  -------------
      1    9.75      32    54.25     11.13  12868    358280  1X
      2   11.14      62   112.86     25.43   6527    413195  2X
      3   19.78     160   300.22     70.11    578    100613  5X

Calculating genome statistics
-----------------------------
Assuming that homozygous peak is the largest in the spectra with frequency of: 32x
Homozygous peak index: 1
CAUTION: the following estimates are based on having a clean spectra and having identified the correct homozygous peak!
Estimated genome size: 1.49 Mbp
Estimated assembly completeness: 0.01%

Breakdown of copy number composition for each peak
----------------------------------------------------

---- Report for f=32.000 (total elements 358264)----
 0x: 100.00% (358264 elements at f=32.00)
 1x: No significant content
 2x: No significant content
 3x: No significant content

---- Report for f=62.000 (total elements 413166)----
 0x: 100.00% (413166 elements at f=62.00)
 1x: No significant content
 2x: No significant content
 3x: No significant content

---- Report for f=160.000 (total elements 100553)----
 0x: 100.00% (100553 elements at f=160.00)
 1x: No significant content
 2x: No significant content
 3x: No significant content

Creating plots
--------------

Plotting K-mer frequency distributions for general spectra ... done.
Plotting K-mer frequency distributions for 0x ... done.


malloc_consolidate(): unaligned fastbin chunk detected
