Kmer Analysis Toolkit (KAT) V2.4.2

Running KAT in COMP mode
------------------------

Input 1 is a sequence file.  Counting kmers for input 1 (/d/hd09/zhuohan/ectopic_rdna_proj/data/ref_no_rdna/hg38-rDNA_v1.0_no_rdna.fa) ... done.  Time taken: 187.4s

Input 2 is a sequence file.  Counting kmers for input 2 (/d/hd09/zhuohan/ectopic_rdna_proj/data/U13369.1.fasta) ... done.  Time taken: 0.2s

Comparing hashes ... done.  Time taken: 166.1s

Merging results ... done.  Time taken: 0.7s

Saving results to disk ... done.  Time taken: 0.2s


Summary statistics
------------------

K-mer statistics for: 
 - Hash 1: "/d/hd09/zhuohan/ectopic_rdna_proj/data/ref_no_rdna/hg38-rDNA_v1.0_no_rdna.fa"
 - Hash 2: "/d/hd09/zhuohan/ectopic_rdna_proj/data/U13369.1.fasta"

Total K-mers in: 
 - Hash 1: 3048487283
 - Hash 2: 42544

Distinct K-mers in:
 - Hash 1: 2684347862
 - Hash 2: 41207

Total K-mers only found in:
 - Hash 1: 3048125250
 - Hash 2: 41665

Distinct K-mers only found in:
 - Hash 1: 2684347062
 - Hash 2: 40407

Shared K-mers:
 - Total shared found in hash 1: 362033
 - Total shared found in hash 2: 879
 - Distinct shared K-mers: 800

Distance between spectra 1 and 2 (all k-mers):
 - Manhattan distance: 2.68431e+09
 - Euclidean distance: 2.57433e+09
 - Cosine distance: 1.24658e-05
 - Canberra distance: 1000
 - Jaccard distance: 0.999985

Distance between spectra 1 and 2 (shared k-mers):
 - Manhattan distance: 926
 - Euclidean distance: 478.554
 - Cosine distance: 0.0867736
 - Canberra distance: 136.78
 - Jaccard distance: 0.733175

Creating plot(s) ... done.  Time taken: 9.0s

Analysing peaks for spectra copy number matrix
----------------------------------------------

Analysing distributions for: /d/hd09/zhuohan/ectopic_rdna_proj/results/hg38-rdna_v1.0_no_rdna/kat.k47-main.mx ... 
Analysing full spectra

Analysing spectra with copy number 0

Analysing spectra with copy number 1

Analysing spectra with copy number 2

Analysing spectra with copy number 3

Analysed spectra for all requested copy numbers.
done.  Time taken:  5.2s

Main spectra statistics
-----------------------
K-value used: 47
Peaks in analysis: 3
Global minima @ Frequency=30x (32304)
Global maxima @ Frequency=32x (38556)
Overall mean k-mer frequency: 60x

  Index    Left    Mean    Right    StdDev    Max    Volume  Description
-------  ------  ------  -------  --------  -----  --------  -------------
      1    9.75      32    54.25     11.13  12122    337523  1X
      2   11.14      62   112.86     25.43   5901    373553  2X
      3   19.78     160   300.22     70.11    528     91911  5X

Calculating genome statistics
-----------------------------
Assuming that homozygous peak is the largest in the spectra with frequency of: 32x
Homozygous peak index: 1
CAUTION: the following estimates are based on having a clean spectra and having identified the correct homozygous peak!
Estimated genome size: 1.36 Mbp
Estimated assembly completeness: Unknown

Breakdown of copy number composition for each peak
----------------------------------------------------

---- Report for f=32.000 (total elements 337510)----
 0x: 100.00% (337510 elements at f=32.00)
 1x: No significant content
 2x: No significant content
 3x: No significant content

---- Report for f=62.000 (total elements 373534)----
 0x: 100.00% (373534 elements at f=62.00)
 1x: No significant content
 2x: No significant content
 3x: No significant content

---- Report for f=160.000 (total elements 91855)----
 0x: 100.00% (91855 elements at f=160.00)
 1x: No significant content
 2x: No significant content
 3x: No significant content

Creating plots
--------------

Plotting K-mer frequency distributions for general spectra ... done.
Plotting K-mer frequency distributions for 0x ... done.


malloc_consolidate(): unaligned fastbin chunk detected
