Kmer Analysis Toolkit (KAT) V2.4.2

Running KAT in COMP mode
------------------------

Input 1 is a sequence file.  Counting kmers for input 1 (/d/hd09/zhuohan/ectopic_rdna_proj/data/ref_no_rdna/hg38-rDNA_v1.0_no_rdna.fa) ... done.  Time taken: 317.3s

Input 2 is a sequence file.  Counting kmers for input 2 (/d/hd09/zhuohan/ectopic_rdna_proj/data/U13369.1.fasta) ... done.  Time taken: 0.1s

Comparing hashes ... done.  Time taken: 248.1s

Merging results ... done.  Time taken: 0.4s

Saving results to disk ... done.  Time taken: 0.2s


Summary statistics
------------------

K-mer statistics for: 
 - Hash 1: "/d/hd09/zhuohan/ectopic_rdna_proj/data/ref_no_rdna/hg38-rDNA_v1.0_no_rdna.fa"
 - Hash 2: "/d/hd09/zhuohan/ectopic_rdna_proj/data/U13369.1.fasta"

Total K-mers in: 
 - Hash 1: 3048511289
 - Hash 2: 42652

Distinct K-mers in:
 - Hash 1: 2562813875
 - Hash 2: 40603

Total K-mers only found in:
 - Hash 1: 3046461654
 - Hash 2: 40107

Distinct K-mers only found in:
 - Hash 1: 2562811709
 - Hash 2: 38437

Shared K-mers:
 - Total shared found in hash 1: 2049635
 - Total shared found in hash 2: 2545
 - Distinct shared K-mers: 2166

Distance between spectra 1 and 2 (all k-mers):
 - Manhattan distance: 2.56277e+09
 - Euclidean distance: 2.44443e+09
 - Cosine distance: 4.60968e-05
 - Canberra distance: 1000
 - Jaccard distance: 0.999984

Distance between spectra 1 and 2 (shared k-mers):
 - Manhattan distance: 2606
 - Euclidean distance: 1328.53
 - Cosine distance: 0.0852922
 - Canberra distance: 262.877
 - Jaccard distance: 0.751225

Creating plot(s) ... done.  Time taken: 2.4s

Analysing peaks for spectra copy number matrix
----------------------------------------------

Analysing distributions for: /d/hd09/zhuohan/ectopic_rdna_proj/results/hg38-rdna_v1.0_no_rdna/kat.k35-main.mx ... 
Analysing full spectra

Analysing spectra with copy number 0

Analysing spectra with copy number 1
Can't optimise peaks because none are defined.
Analysing spectra with copy number 2
Can't optimise peaks because none are defined.
Analysing spectra with copy number 3

Analysed spectra for all requested copy numbers.
done.  Time taken:  5.6s

Main spectra statistics
-----------------------
K-value used: 35
Peaks in analysis: 3
Global minima @ Frequency=30x (47917)
Global maxima @ Frequency=32x (52013)
Overall mean k-mer frequency: 64x

  Index    Left    Mean    Right    StdDev    Max    Volume  Description
-------  ------  ------  -------  --------  -----  --------  -------------
      1    9.75      32    54.25     11.13  17687    492475  1X
      2   11.14      62   112.86     25.43   9279    587455  2X
      3   19.78     160   300.22     70.11   1053    183023  5X

Calculating genome statistics
-----------------------------
Assuming that homozygous peak is the largest in the spectra with frequency of: 32x
Homozygous peak index: 1
CAUTION: the following estimates are based on having a clean spectra and having identified the correct homozygous peak!
Estimated genome size: 2.22 Mbp
Estimated assembly completeness: 0.01%

Breakdown of copy number composition for each peak
----------------------------------------------------

---- Report for f=32.000 (total elements 492436)----
 0x: 100.00% (492436 elements at f=32.00)
 1x: No significant content
 2x: No significant content
 3x: No significant content

---- Report for f=62.000 (total elements 587265)----
 0x: 100.00% (587265 elements at f=62.00)
 1x: No significant content
 2x: No significant content
 3x: No significant content

---- Report for f=160.000 (total elements 182789)----
 0x: 100.00% (182789 elements at f=160.00)
 1x: No significant content
 2x: No significant content
 3x: No significant content

Creating plots
--------------

Plotting K-mer frequency distributions for general spectra ... done.
Plotting K-mer frequency distributions for 0x ... done.


malloc_consolidate(): unaligned fastbin chunk detected
