Building DAG of jobs...
Using shell: /usr/bin/bash
Provided cores: 8
Rules claiming more threads will be scaled down.
Job stats:
job               count
--------------  -------
all                   1
jellyfish_dump        1
minimap               3
total                 5

Select jobs to execute...

[Mon Jul 28 16:52:39 2025]
rule jellyfish_dump:
    input: /d/hd09/zhuohan/ectopic_rdna_proj/results/k21_alignment/mer_counts_k21.jf
    output: /d/hd09/zhuohan/ectopic_rdna_proj/results/k21_alignment/mer_counts_k21.fa
    jobid: 2
    reason: Missing output files: /d/hd09/zhuohan/ectopic_rdna_proj/results/k21_alignment/mer_counts_k21.fa
    resources: tmpdir=/tmp


        mkdir -p /d/hd09/zhuohan/ectopic_rdna_proj/results/k21_alignment
        jellyfish dump /d/hd09/zhuohan/ectopic_rdna_proj/results/k21_alignment/mer_counts_k21.jf > /d/hd09/zhuohan/ectopic_rdna_proj/results/k21_alignment/mer_counts_k21.fa
        
[Mon Jul 28 16:52:39 2025]
Finished job 2.
1 of 5 steps (20%) done
Select jobs to execute...

[Mon Jul 28 16:52:39 2025]
rule minimap:
    input: /d/hd09/zhuohan/ectopic_rdna_proj/results/k21_alignment/mer_counts_k21.fa, /d/hd09/zhuohan/ectopic_rdna_proj/data/ref_no_rdna/hg38-rDNA_v1.0_no_rdna.fa
    output: /d/hd09/zhuohan/ectopic_rdna_proj/results/k21_alignment/hg38_kmer_aligned.sam
    jobid: 1
    reason: Missing output files: /d/hd09/zhuohan/ectopic_rdna_proj/results/k21_alignment/hg38_kmer_aligned.sam; Input files updated by another job: /d/hd09/zhuohan/ectopic_rdna_proj/results/k21_alignment/mer_counts_k21.fa
    wildcards: ref=hg38
    resources: tmpdir=/tmp


        mkdir -p /d/hd09/zhuohan/ectopic_rdna_proj/results/k21_alignment
        minimap2 -a /d/hd09/zhuohan/ectopic_rdna_proj/data/ref_no_rdna/hg38-rDNA_v1.0_no_rdna.fa /d/hd09/zhuohan/ectopic_rdna_proj/results/k21_alignment/mer_counts_k21.fa > /d/hd09/zhuohan/ectopic_rdna_proj/results/k21_alignment/hg38_kmer_aligned.sam
        

[Mon Jul 28 16:52:39 2025]
rule minimap:
    input: /d/hd09/zhuohan/ectopic_rdna_proj/results/k21_alignment/mer_counts_k21.fa, /d/hd09/zhuohan/ectopic_rdna_proj/data/ref_no_rdna/hs1-rDNA_v1.0_no_rdna.fa
    output: /d/hd09/zhuohan/ectopic_rdna_proj/results/k21_alignment/chm13_kmer_aligned.sam
    jobid: 4
    reason: Missing output files: /d/hd09/zhuohan/ectopic_rdna_proj/results/k21_alignment/chm13_kmer_aligned.sam; Input files updated by another job: /d/hd09/zhuohan/ectopic_rdna_proj/results/k21_alignment/mer_counts_k21.fa
    wildcards: ref=chm13
    resources: tmpdir=/tmp


        mkdir -p /d/hd09/zhuohan/ectopic_rdna_proj/results/k21_alignment
        minimap2 -a /d/hd09/zhuohan/ectopic_rdna_proj/data/ref_no_rdna/hs1-rDNA_v1.0_no_rdna.fa /d/hd09/zhuohan/ectopic_rdna_proj/results/k21_alignment/mer_counts_k21.fa > /d/hd09/zhuohan/ectopic_rdna_proj/results/k21_alignment/chm13_kmer_aligned.sam
        

[Mon Jul 28 16:52:39 2025]
rule minimap:
    input: /d/hd09/zhuohan/ectopic_rdna_proj/results/k21_alignment/mer_counts_k21.fa, /d/hd09/zhuohan/ectopic_rdna_proj/data/ref_no_rdna/hg002v0.7_no_rdna.fasta
    output: /d/hd09/zhuohan/ectopic_rdna_proj/results/k21_alignment/hg002_kmer_aligned.sam
    jobid: 5
    reason: Missing output files: /d/hd09/zhuohan/ectopic_rdna_proj/results/k21_alignment/hg002_kmer_aligned.sam; Input files updated by another job: /d/hd09/zhuohan/ectopic_rdna_proj/results/k21_alignment/mer_counts_k21.fa
    wildcards: ref=hg002
    resources: tmpdir=/tmp


        mkdir -p /d/hd09/zhuohan/ectopic_rdna_proj/results/k21_alignment
        minimap2 -a /d/hd09/zhuohan/ectopic_rdna_proj/data/ref_no_rdna/hg002v0.7_no_rdna.fasta /d/hd09/zhuohan/ectopic_rdna_proj/results/k21_alignment/mer_counts_k21.fa > /d/hd09/zhuohan/ectopic_rdna_proj/results/k21_alignment/hg002_kmer_aligned.sam
        
[Mon Jul 28 16:53:31 2025]
Finished job 4.
2 of 5 steps (40%) done
[Mon Jul 28 16:53:32 2025]
Finished job 1.
3 of 5 steps (60%) done
[Mon Jul 28 16:54:15 2025]
Finished job 5.
4 of 5 steps (80%) done
Select jobs to execute...

[Mon Jul 28 16:54:15 2025]
localrule all:
    input: /d/hd09/zhuohan/ectopic_rdna_proj/results/k21_alignment/hg38_kmer_aligned.sam, /d/hd09/zhuohan/ectopic_rdna_proj/results/k21_alignment/chm13_kmer_aligned.sam, /d/hd09/zhuohan/ectopic_rdna_proj/results/k21_alignment/hg002_kmer_aligned.sam
    jobid: 0
    reason: Input files updated by another job: /d/hd09/zhuohan/ectopic_rdna_proj/results/k21_alignment/hg38_kmer_aligned.sam, /d/hd09/zhuohan/ectopic_rdna_proj/results/k21_alignment/hg002_kmer_aligned.sam, /d/hd09/zhuohan/ectopic_rdna_proj/results/k21_alignment/chm13_kmer_aligned.sam
    resources: tmpdir=/tmp

[Mon Jul 28 16:54:15 2025]
Finished job 0.
5 of 5 steps (100%) done
Complete log: .snakemake/log/2025-07-28T165239.324545.snakemake.log
