Building DAG of jobs...
Using shell: /usr/bin/bash
Provided cores: 8
Rules claiming more threads will be scaled down.
Job stats:
job                count
---------------  -------
all                    1
jellyfish_count        1
jellyfish_dump         1
minimap                3
total                  6

Select jobs to execute...

[Mon Jul 28 16:49:53 2025]
rule jellyfish_count:
    input: /d/hd09/zhuohan/ectopic_rdna_proj/data/U13369.1.fasta
    output: /d/hd09/zhuohan/ectopic_rdna_proj/results/k21_alignment/mer_counts_k21.jf
    jobid: 3
    reason: Missing output files: /d/hd09/zhuohan/ectopic_rdna_proj/results/k21_alignment/mer_counts_k21.jf
    resources: tmpdir=/tmp

RuleException in rule jellyfish_count in file /d/hd09/zhuohan/ectopic_rdna_proj/workflow/map_kmers.smk, line 8:
AttributeError: module 'posixpath' has no attribute 'dirname(output', when formatting the following:

        # Create output directory if it does not exist
        mkdir -p {os.path.dirname(output.jf)}
        jellyfish count -m {params.k} -s {params.s} -t {params.t} -C {input.reads} -o {output.jf}
        
